This is XeTeX, Version 3.14159265-2.6-0.999991 (TeX Live 2019/W32TeX) (preloaded format=xelatex 2019.9.9)  26 SEP 2019 16:24
entering extended mode
 restricted \write18 enabled.
 %&-line parsing enabled.
**bookdown-demo.tex
(./bookdown-demo.tex
LaTeX2e <2018-12-01>

(c:/Users/Stacy DeRuiter/AppData/Roaming/TinyTeX/texmf-dist/tex/latex/base/book
.cls
Document Class: book 2018/09/03 v1.4i Standard LaTeX document class

(c:/Users/Stacy DeRuiter/AppData/Roaming/TinyTeX/texmf-dist/tex/latex/base/bk10
.clo
File: bk10.clo 2018/09/03 v1.4i Standard LaTeX file (size option)
)
\c@part=\count80
\c@chapter=\count81
\c@section=\count82
\c@subsection=\count83
\c@subsubsection=\count84
\c@paragraph=\count85
\c@subparagraph=\count86
\c@figure=\count87
\c@table=\count88
\abovecaptionskip=\skip41
\belowcaptionskip=\skip42
\bibindent=\dimen102
)
(c:/Users/Stacy DeRuiter/AppData/Roaming/TinyTeX/texmf-dist/tex/latex/lm/lmoder
n.sty
Package: lmodern 2009/10/30 v1.6 Latin Modern Fonts
LaTeX Font Info:    Overwriting symbol font `operators' in version `normal'
(Font)                  OT1/cmr/m/n --> OT1/lmr/m/n on input line 22.
LaTeX Font Info:    Overwriting symbol font `letters' in version `normal'
(Font)                  OML/cmm/m/it --> OML/lmm/m/it on input line 23.
LaTeX Font Info:    Overwriting symbol font `symbols' in version `normal'
(Font)                  OMS/cmsy/m/n --> OMS/lmsy/m/n on input line 24.
LaTeX Font Info:    Overwriting symbol font `largesymbols' in version `normal'
(Font)                  OMX/cmex/m/n --> OMX/lmex/m/n on input line 25.
LaTeX Font Info:    Overwriting symbol font `operators' in version `bold'
(Font)                  OT1/cmr/bx/n --> OT1/lmr/bx/n on input line 26.
LaTeX Font Info:    Overwriting symbol font `letters' in version `bold'
(Font)                  OML/cmm/b/it --> OML/lmm/b/it on input line 27.
LaTeX Font Info:    Overwriting symbol font `symbols' in version `bold'
(Font)                  OMS/cmsy/b/n --> OMS/lmsy/b/n on input line 28.
LaTeX Font Info:    Overwriting symbol font `largesymbols' in version `bold'
(Font)                  OMX/cmex/m/n --> OMX/lmex/m/n on input line 29.
LaTeX Font Info:    Overwriting math alphabet `\mathbf' in version `normal'
(Font)                  OT1/cmr/bx/n --> OT1/lmr/bx/n on input line 31.
LaTeX Font Info:    Overwriting math alphabet `\mathsf' in version `normal'
(Font)                  OT1/cmss/m/n --> OT1/lmss/m/n on input line 32.
LaTeX Font Info:    Overwriting math alphabet `\mathit' in version `normal'
(Font)                  OT1/cmr/m/it --> OT1/lmr/m/it on input line 33.
LaTeX Font Info:    Overwriting math alphabet `\mathtt' in version `normal'
(Font)                  OT1/cmtt/m/n --> OT1/lmtt/m/n on input line 34.
LaTeX Font Info:    Overwriting math alphabet `\mathbf' in version `bold'
(Font)                  OT1/cmr/bx/n --> OT1/lmr/bx/n on input line 35.
LaTeX Font Info:    Overwriting math alphabet `\mathsf' in version `bold'
(Font)                  OT1/cmss/bx/n --> OT1/lmss/bx/n on input line 36.
LaTeX Font Info:    Overwriting math alphabet `\mathit' in version `bold'
(Font)                  OT1/cmr/bx/it --> OT1/lmr/bx/it on input line 37.
LaTeX Font Info:    Overwriting math alphabet `\mathtt' in version `bold'
(Font)                  OT1/cmtt/m/n --> OT1/lmtt/m/n on input line 38.
)
(c:/Users/Stacy DeRuiter/AppData/Roaming/TinyTeX/texmf-dist/tex/latex/amsfonts/
amssymb.sty
Package: amssymb 2013/01/14 v3.01 AMS font symbols

(c:/Users/Stacy DeRuiter/AppData/Roaming/TinyTeX/texmf-dist/tex/latex/amsfonts/
amsfonts.sty
Package: amsfonts 2013/01/14 v3.01 Basic AMSFonts support
\@emptytoks=\toks14
\symAMSa=\mathgroup4
\symAMSb=\mathgroup5
LaTeX Font Info:    Overwriting math alphabet `\mathfrak' in version `bold'
(Font)                  U/euf/m/n --> U/euf/b/n on input line 106.
))
(c:/Users/Stacy DeRuiter/AppData/Roaming/TinyTeX/texmf-dist/tex/latex/amsmath/a
msmath.sty
Package: amsmath 2018/12/01 v2.17b AMS math features
\@mathmargin=\skip43
For additional information on amsmath, use the `?' option.

(c:/Users/Stacy DeRuiter/AppData/Roaming/TinyTeX/texmf-dist/tex/latex/amsmath/a
mstext.sty
Package: amstext 2000/06/29 v2.01 AMS text

(c:/Users/Stacy DeRuiter/AppData/Roaming/TinyTeX/texmf-dist/tex/latex/amsmath/a
msgen.sty
File: amsgen.sty 1999/11/30 v2.0 generic functions
\@emptytoks=\toks15
\ex@=\dimen103
))
(c:/Users/Stacy DeRuiter/AppData/Roaming/TinyTeX/texmf-dist/tex/latex/amsmath/a
msbsy.sty
Package: amsbsy 1999/11/29 v1.2d Bold Symbols
\pmbraise@=\dimen104
)
(c:/Users/Stacy DeRuiter/AppData/Roaming/TinyTeX/texmf-dist/tex/latex/amsmath/a
msopn.sty
Package: amsopn 2016/03/08 v2.02 operator names
)
\inf@bad=\count89
LaTeX Info: Redefining \frac on input line 223.
\uproot@=\count90
\leftroot@=\count91
LaTeX Info: Redefining \overline on input line 385.
\classnum@=\count92
\DOTSCASE@=\count93
LaTeX Info: Redefining \ldots on input line 482.
LaTeX Info: Redefining \dots on input line 485.
LaTeX Info: Redefining \cdots on input line 606.
\Mathstrutbox@=\box27
\strutbox@=\box28
\big@size=\dimen105
LaTeX Font Info:    Redeclaring font encoding OML on input line 729.
LaTeX Font Info:    Redeclaring font encoding OMS on input line 730.
\macc@depth=\count94
\c@MaxMatrixCols=\count95
\dotsspace@=\muskip10
\c@parentequation=\count96
\dspbrk@lvl=\count97
\tag@help=\toks16
\row@=\count98
\column@=\count99
\maxfields@=\count100
\andhelp@=\toks17
\eqnshift@=\dimen106
\alignsep@=\dimen107
\tagshift@=\dimen108
\tagwidth@=\dimen109
\totwidth@=\dimen110
\lineht@=\dimen111
\@envbody=\toks18
\multlinegap=\skip44
\multlinetaggap=\skip45
\mathdisplay@stack=\toks19
LaTeX Info: Redefining \[ on input line 2844.
LaTeX Info: Redefining \] on input line 2845.
)
(c:/Users/Stacy DeRuiter/AppData/Roaming/TinyTeX/texmf-dist/tex/generic/ifxetex
/ifxetex.sty
Package: ifxetex 2010/09/12 v0.6 Provides ifxetex conditional
)
(c:/Users/Stacy DeRuiter/AppData/Roaming/TinyTeX/texmf-dist/tex/generic/oberdie
k/ifluatex.sty
Package: ifluatex 2016/05/16 v1.4 Provides the ifluatex switch (HO)
Package ifluatex Info: LuaTeX not detected.
)
(c:/Users/Stacy DeRuiter/AppData/Roaming/TinyTeX/texmf-dist/tex/latex/base/fixl
tx2e.sty
Package: fixltx2e 2016/12/29 v2.1a fixes to LaTeX (obsolete)
Applying: [2015/01/01] Old fixltx2e package on input line 46.

Package fixltx2e Warning: fixltx2e is not required with releases after 2015
(fixltx2e)                All fixes are now in the LaTeX kernel.
(fixltx2e)                See the latexrelease package for details.

Already applied: [0000/00/00] Old fixltx2e package on input line 53.
)
(c:/Users/Stacy DeRuiter/AppData/Roaming/TinyTeX/texmf-dist/tex/xelatex/mathspe
c/mathspec.sty
Package: mathspec 2016/12/22 v0.2b LaTeX Package (Mathematics font selection fo
r XeLaTeX)

(c:/Users/Stacy DeRuiter/AppData/Roaming/TinyTeX/texmf-dist/tex/latex/etoolbox/
etoolbox.sty
Package: etoolbox 2018/08/19 v2.5f e-TeX tools for LaTeX (JAW)
\etb@tempcnta=\count101
)
(c:/Users/Stacy DeRuiter/AppData/Roaming/TinyTeX/texmf-dist/tex/latex/fontspec/
fontspec.sty
(c:/Users/Stacy DeRuiter/AppData/Roaming/TinyTeX/texmf-dist/tex/latex/l3package
s/xparse/xparse.sty
(c:/Users/Stacy DeRuiter/AppData/Roaming/TinyTeX/texmf-dist/tex/latex/l3kernel/
expl3.sty
Package: expl3 2019-09-05 L3 programming layer (loader) 

(c:/Users/Stacy DeRuiter/AppData/Roaming/TinyTeX/texmf-dist/tex/latex/l3kernel/
expl3-code.tex
Package: expl3 2019-09-05 L3 programming layer (code)
\c_max_int=\count102
\l_tmpa_int=\count103
\l_tmpb_int=\count104
\g_tmpa_int=\count105
\g_tmpb_int=\count106
\g__kernel_prg_map_int=\count107
\c__ior_term_noprompt_ior=\count108
\c_log_iow=\count109
\l_iow_line_count_int=\count110
\l__iow_line_target_int=\count111
\l__iow_one_indent_int=\count112
\l__iow_indent_int=\count113
\c_zero_dim=\dimen112
\c_max_dim=\dimen113
\l_tmpa_dim=\dimen114
\l_tmpb_dim=\dimen115
\g_tmpa_dim=\dimen116
\g_tmpb_dim=\dimen117
\c_zero_skip=\skip46
\c_max_skip=\skip47
\l_tmpa_skip=\skip48
\l_tmpb_skip=\skip49
\g_tmpa_skip=\skip50
\g_tmpb_skip=\skip51
\c_zero_muskip=\muskip11
\c_max_muskip=\muskip12
\l_tmpa_muskip=\muskip13
\l_tmpb_muskip=\muskip14
\g_tmpa_muskip=\muskip15
\g_tmpb_muskip=\muskip16
\l_keys_choice_int=\count114
\l__intarray_loop_int=\count115
\c__intarray_sp_dim=\dimen118
\g__intarray_font_int=\count116
\c__fp_leading_shift_int=\count117
\c__fp_middle_shift_int=\count118
\c__fp_trailing_shift_int=\count119
\c__fp_big_leading_shift_int=\count120
\c__fp_big_middle_shift_int=\count121
\c__fp_big_trailing_shift_int=\count122
\c__fp_Bigg_leading_shift_int=\count123
\c__fp_Bigg_middle_shift_int=\count124
\c__fp_Bigg_trailing_shift_int=\count125
\g__fp_array_int=\count126
\l__fp_array_loop_int=\count127
\l__sort_length_int=\count128
\l__sort_min_int=\count129
\l__sort_top_int=\count130
\l__sort_max_int=\count131
\l__sort_true_max_int=\count132
\l__sort_block_int=\count133
\l__sort_begin_int=\count134
\l__sort_end_int=\count135
\l__sort_A_int=\count136
\l__sort_B_int=\count137
\l__sort_C_int=\count138
\l__str_internal_int=\count139
\l__tl_analysis_normal_int=\count140
\l__tl_analysis_index_int=\count141
\l__tl_analysis_nesting_int=\count142
\l__tl_analysis_type_int=\count143
\l__regex_internal_a_int=\count144
\l__regex_internal_b_int=\count145
\l__regex_internal_c_int=\count146
\l__regex_balance_int=\count147
\l__regex_group_level_int=\count148
\l__regex_mode_int=\count149
\c__regex_cs_in_class_mode_int=\count150
\c__regex_cs_mode_int=\count151
\l__regex_catcodes_int=\count152
\l__regex_default_catcodes_int=\count153
\c__regex_catcode_L_int=\count154
\c__regex_catcode_O_int=\count155
\c__regex_catcode_A_int=\count156
\c__regex_all_catcodes_int=\count157
\l__regex_show_lines_int=\count158
\l__regex_min_state_int=\count159
\l__regex_max_state_int=\count160
\l__regex_left_state_int=\count161
\l__regex_right_state_int=\count162
\l__regex_capturing_group_int=\count163
\l__regex_min_pos_int=\count164
\l__regex_max_pos_int=\count165
\l__regex_curr_pos_int=\count166
\l__regex_start_pos_int=\count167
\l__regex_success_pos_int=\count168
\l__regex_curr_char_int=\count169
\l__regex_curr_catcode_int=\count170
\l__regex_last_char_int=\count171
\l__regex_case_changed_char_int=\count172
\l__regex_curr_state_int=\count173
\l__regex_step_int=\count174
\l__regex_min_active_int=\count175
\l__regex_max_active_int=\count176
\l__regex_replacement_csnames_int=\count177
\l__regex_match_count_int=\count178
\l__regex_min_submatch_int=\count179
\l__regex_submatch_int=\count180
\l__regex_zeroth_submatch_int=\count181
\g__regex_trace_regex_int=\count182
\c_empty_box=\box29
\l_tmpa_box=\box30
\l_tmpb_box=\box31
\g_tmpa_box=\box32
\g_tmpb_box=\box33
\l__box_top_dim=\dimen119
\l__box_bottom_dim=\dimen120
\l__box_left_dim=\dimen121
\l__box_right_dim=\dimen122
\l__box_top_new_dim=\dimen123
\l__box_bottom_new_dim=\dimen124
\l__box_left_new_dim=\dimen125
\l__box_right_new_dim=\dimen126
\l__box_internal_box=\box34
\l__coffin_internal_box=\box35
\l__coffin_internal_dim=\dimen127
\l__coffin_offset_x_dim=\dimen128
\l__coffin_offset_y_dim=\dimen129
\l__coffin_x_dim=\dimen130
\l__coffin_y_dim=\dimen131
\l__coffin_x_prime_dim=\dimen132
\l__coffin_y_prime_dim=\dimen133
\c_empty_coffin=\box36
\l__coffin_aligned_coffin=\box37
\l__coffin_aligned_internal_coffin=\box38
\l_tmpa_coffin=\box39
\l_tmpb_coffin=\box40
\g_tmpa_coffin=\box41
\g_tmpb_coffin=\box42
\l__coffin_bounding_shift_dim=\dimen134
\l__coffin_left_corner_dim=\dimen135
\l__coffin_right_corner_dim=\dimen136
\l__coffin_bottom_corner_dim=\dimen137
\l__coffin_top_corner_dim=\dimen138
\l__coffin_scaled_total_height_dim=\dimen139
\l__coffin_scaled_width_dim=\dimen140
\c__coffin_empty_coffin=\box43
\l__coffin_display_coffin=\box44
\l__coffin_display_coord_coffin=\box45
\l__coffin_display_pole_coffin=\box46
\l__coffin_display_offset_dim=\dimen141
\l__coffin_display_x_dim=\dimen142
\l__coffin_display_y_dim=\dimen143
\g__char_data_ior=\read1
\l__seq_internal_a_int=\count183
\l__seq_internal_b_int=\count184
)
(c:/Users/Stacy DeRuiter/AppData/Roaming/TinyTeX/texmf-dist/tex/latex/l3backend
/l3backend-xdvipdfmx.def
File: l3backend-xdvipdfmx.def 2019-04-06 v L3 backend support: xdvipdfmx
\g__graphics_track_int=\count185
\l__pdf_internal_box=\box47
\g__pdf_backend_object_int=\count186
\g__pdf_backend_annotation_int=\count187
))
Package: xparse 2019-05-28 L3 Experimental document command parser
\l__xparse_current_arg_int=\count188
\g__xparse_grabber_int=\count189
\l__xparse_m_args_int=\count190
\l__xparse_v_nesting_int=\count191
)
Package: fontspec 2019/03/15 v2.7c Font selection for XeLaTeX and LuaLaTeX

(c:/Users/Stacy DeRuiter/AppData/Roaming/TinyTeX/texmf-dist/tex/latex/fontspec/
fontspec-xetex.sty
Package: fontspec-xetex 2019/03/15 v2.7c Font selection for XeLaTeX and LuaLaTe
X
\l__fontspec_script_int=\count192
\l__fontspec_language_int=\count193
\l__fontspec_strnum_int=\count194
\l__fontspec_tmp_int=\count195
\l__fontspec_tmpa_int=\count196
\l__fontspec_tmpb_int=\count197
\l__fontspec_tmpc_int=\count198
\l__fontspec_em_int=\count199
\l__fontspec_emdef_int=\count266
\l__fontspec_strong_int=\count267
\l__fontspec_strongdef_int=\count268
\l__fontspec_tmpa_dim=\dimen144
\l__fontspec_tmpb_dim=\dimen145
\l__fontspec_tmpc_dim=\dimen146

(c:/Users/Stacy DeRuiter/AppData/Roaming/TinyTeX/texmf-dist/tex/latex/base/font
enc.sty
Package: fontenc 2018/08/11 v2.0j Standard LaTeX package

(c:/Users/Stacy DeRuiter/AppData/Roaming/TinyTeX/texmf-dist/tex/latex/base/tuen
c.def
File: tuenc.def 2018/08/11 v2.0j Standard LaTeX file
LaTeX Font Info:    Redeclaring font encoding TU on input line 82.
))
(c:/Users/Stacy DeRuiter/AppData/Roaming/TinyTeX/texmf-dist/tex/latex/fontspec/
fontspec.cfg)
LaTeX Info: Redefining \itshape on input line 4051.
LaTeX Info: Redefining \slshape on input line 4056.
LaTeX Info: Redefining \scshape on input line 4061.
LaTeX Info: Redefining \upshape on input line 4066.
LaTeX Info: Redefining \em on input line 4096.
LaTeX Info: Redefining \emph on input line 4121.
))
(c:/Users/Stacy DeRuiter/AppData/Roaming/TinyTeX/texmf-dist/tex/latex/xkeyval/x
keyval.sty
Package: xkeyval 2014/12/03 v2.7a package option processing (HA)

(c:/Users/Stacy DeRuiter/AppData/Roaming/TinyTeX/texmf-dist/tex/generic/xkeyval
/xkeyval.tex
(c:/Users/Stacy DeRuiter/AppData/Roaming/TinyTeX/texmf-dist/tex/generic/xkeyval
/xkvutils.tex
\XKV@toks=\toks20
\XKV@tempa@toks=\toks21

(c:/Users/Stacy DeRuiter/AppData/Roaming/TinyTeX/texmf-dist/tex/generic/xkeyval
/keyval.tex))
\XKV@depth=\count269
File: xkeyval.tex 2014/12/03 v2.7a key=value parser (HA)
))
\c@eu@=\count270
\c@eu@i=\count271
\c@mkern=\count272
)
(c:/Users/Stacy DeRuiter/AppData/Roaming/TinyTeX/texmf-dist/tex/latex/upquote/u
pquote.sty
Package: upquote 2012/04/19 v1.3 upright-quote and grave-accent glyphs in verba
tim

(c:/Users/Stacy DeRuiter/AppData/Roaming/TinyTeX/texmf-dist/tex/latex/base/text
comp.sty
Package: textcomp 2018/08/11 v2.0j Standard LaTeX package
Package textcomp Info: Sub-encoding information:
(textcomp)               5 = only ISO-Adobe without \textcurrency
(textcomp)               4 = 5 + \texteuro
(textcomp)               3 = 4 + \textohm
(textcomp)               2 = 3 + \textestimated + \textcurrency
(textcomp)               1 = TS1 - \textcircled - \t
(textcomp)               0 = TS1 (full)
(textcomp)             Font families with sub-encoding setting implement
(textcomp)             only a restricted character set as indicated.
(textcomp)             Family '?' is the default used for unknown fonts.
(textcomp)             See the documentation for details.
Package textcomp Info: Setting ? sub-encoding to TS1/1 on input line 79.

(c:/Users/Stacy DeRuiter/AppData/Roaming/TinyTeX/texmf-dist/tex/latex/base/ts1e
nc.def
File: ts1enc.def 2001/06/05 v3.0e (jk/car/fm) Standard LaTeX file
)
LaTeX Info: Redefining \oldstylenums on input line 334.
Package textcomp Info: Setting cmr sub-encoding to TS1/0 on input line 349.
Package textcomp Info: Setting cmss sub-encoding to TS1/0 on input line 350.
Package textcomp Info: Setting cmtt sub-encoding to TS1/0 on input line 351.
Package textcomp Info: Setting cmvtt sub-encoding to TS1/0 on input line 352.
Package textcomp Info: Setting cmbr sub-encoding to TS1/0 on input line 353.
Package textcomp Info: Setting cmtl sub-encoding to TS1/0 on input line 354.
Package textcomp Info: Setting ccr sub-encoding to TS1/0 on input line 355.
Package textcomp Info: Setting ptm sub-encoding to TS1/4 on input line 356.
Package textcomp Info: Setting pcr sub-encoding to TS1/4 on input line 357.
Package textcomp Info: Setting phv sub-encoding to TS1/4 on input line 358.
Package textcomp Info: Setting ppl sub-encoding to TS1/3 on input line 359.
Package textcomp Info: Setting pag sub-encoding to TS1/4 on input line 360.
Package textcomp Info: Setting pbk sub-encoding to TS1/4 on input line 361.
Package textcomp Info: Setting pnc sub-encoding to TS1/4 on input line 362.
Package textcomp Info: Setting pzc sub-encoding to TS1/4 on input line 363.
Package textcomp Info: Setting bch sub-encoding to TS1/4 on input line 364.
Package textcomp Info: Setting put sub-encoding to TS1/5 on input line 365.
Package textcomp Info: Setting uag sub-encoding to TS1/5 on input line 366.
Package textcomp Info: Setting ugq sub-encoding to TS1/5 on input line 367.
Package textcomp Info: Setting ul8 sub-encoding to TS1/4 on input line 368.
Package textcomp Info: Setting ul9 sub-encoding to TS1/4 on input line 369.
Package textcomp Info: Setting augie sub-encoding to TS1/5 on input line 370.
Package textcomp Info: Setting dayrom sub-encoding to TS1/3 on input line 371.
Package textcomp Info: Setting dayroms sub-encoding to TS1/3 on input line 372.

Package textcomp Info: Setting pxr sub-encoding to TS1/0 on input line 373.
Package textcomp Info: Setting pxss sub-encoding to TS1/0 on input line 374.
Package textcomp Info: Setting pxtt sub-encoding to TS1/0 on input line 375.
Package textcomp Info: Setting txr sub-encoding to TS1/0 on input line 376.
Package textcomp Info: Setting txss sub-encoding to TS1/0 on input line 377.
Package textcomp Info: Setting txtt sub-encoding to TS1/0 on input line 378.
Package textcomp Info: Setting lmr sub-encoding to TS1/0 on input line 379.
Package textcomp Info: Setting lmdh sub-encoding to TS1/0 on input line 380.
Package textcomp Info: Setting lmss sub-encoding to TS1/0 on input line 381.
Package textcomp Info: Setting lmssq sub-encoding to TS1/0 on input line 382.
Package textcomp Info: Setting lmvtt sub-encoding to TS1/0 on input line 383.
Package textcomp Info: Setting lmtt sub-encoding to TS1/0 on input line 384.
Package textcomp Info: Setting qhv sub-encoding to TS1/0 on input line 385.
Package textcomp Info: Setting qag sub-encoding to TS1/0 on input line 386.
Package textcomp Info: Setting qbk sub-encoding to TS1/0 on input line 387.
Package textcomp Info: Setting qcr sub-encoding to TS1/0 on input line 388.
Package textcomp Info: Setting qcs sub-encoding to TS1/0 on input line 389.
Package textcomp Info: Setting qpl sub-encoding to TS1/0 on input line 390.
Package textcomp Info: Setting qtm sub-encoding to TS1/0 on input line 391.
Package textcomp Info: Setting qzc sub-encoding to TS1/0 on input line 392.
Package textcomp Info: Setting qhvc sub-encoding to TS1/0 on input line 393.
Package textcomp Info: Setting futs sub-encoding to TS1/4 on input line 394.
Package textcomp Info: Setting futx sub-encoding to TS1/4 on input line 395.
Package textcomp Info: Setting futj sub-encoding to TS1/4 on input line 396.
Package textcomp Info: Setting hlh sub-encoding to TS1/3 on input line 397.
Package textcomp Info: Setting hls sub-encoding to TS1/3 on input line 398.
Package textcomp Info: Setting hlst sub-encoding to TS1/3 on input line 399.
Package textcomp Info: Setting hlct sub-encoding to TS1/5 on input line 400.
Package textcomp Info: Setting hlx sub-encoding to TS1/5 on input line 401.
Package textcomp Info: Setting hlce sub-encoding to TS1/5 on input line 402.
Package textcomp Info: Setting hlcn sub-encoding to TS1/5 on input line 403.
Package textcomp Info: Setting hlcw sub-encoding to TS1/5 on input line 404.
Package textcomp Info: Setting hlcf sub-encoding to TS1/5 on input line 405.
Package textcomp Info: Setting pplx sub-encoding to TS1/3 on input line 406.
Package textcomp Info: Setting pplj sub-encoding to TS1/3 on input line 407.
Package textcomp Info: Setting ptmx sub-encoding to TS1/4 on input line 408.
Package textcomp Info: Setting ptmj sub-encoding to TS1/4 on input line 409.
))
(c:/Users/Stacy DeRuiter/AppData/Roaming/TinyTeX/texmf-dist/tex/latex/hyperref/
hyperref.sty
Package: hyperref 2019/06/12 v6.88h Hypertext links for LaTeX

(c:/Users/Stacy DeRuiter/AppData/Roaming/TinyTeX/texmf-dist/tex/generic/oberdie
k/hobsub-hyperref.sty
Package: hobsub-hyperref 2016/05/16 v1.14 Bundle oberdiek, subset hyperref (HO)


(c:/Users/Stacy DeRuiter/AppData/Roaming/TinyTeX/texmf-dist/tex/generic/oberdie
k/hobsub-generic.sty
Package: hobsub-generic 2016/05/16 v1.14 Bundle oberdiek, subset generic (HO)
Package: hobsub 2016/05/16 v1.14 Construct package bundles (HO)
Package: infwarerr 2016/05/16 v1.4 Providing info/warning/error messages (HO)
Package: ltxcmds 2016/05/16 v1.23 LaTeX kernel commands for general use (HO)
Package hobsub Info: Skipping package `ifluatex' (already loaded).
Package: ifvtex 2016/05/16 v1.6 Detect VTeX and its facilities (HO)
Package ifvtex Info: VTeX not detected.
Package: intcalc 2016/05/16 v1.2 Expandable calculations with integers (HO)
Package: ifpdf 2018/09/07 v3.3 Provides the ifpdf switch
Package: etexcmds 2016/05/16 v1.6 Avoid name clashes with e-TeX commands (HO)
Package: kvsetkeys 2016/05/16 v1.17 Key value parser (HO)
Package: kvdefinekeys 2016/05/16 v1.4 Define keys (HO)
Package: pdftexcmds 2019/07/25 v0.30 Utility functions of pdfTeX for LuaTeX (HO
)
Package pdftexcmds Info: LuaTeX not detected.
Package pdftexcmds Info: pdfTeX >= 1.30 not detected.
Package pdftexcmds Info: \pdf@primitive is available.
Package pdftexcmds Info: \pdf@ifprimitive is available.
Package pdftexcmds Info: \pdfdraftmode not found.
Package: pdfescape 2016/05/16 v1.14 Implements pdfTeX's escape features (HO)
Package: bigintcalc 2016/05/16 v1.4 Expandable calculations on big integers (HO
)
Package: bitset 2016/05/16 v1.2 Handle bit-vector datatype (HO)
Package: uniquecounter 2016/05/16 v1.3 Provide unlimited unique counter (HO)
)
Package hobsub Info: Skipping package `hobsub' (already loaded).
Package: letltxmacro 2016/05/16 v1.5 Let assignment for LaTeX macros (HO)
Package: hopatch 2016/05/16 v1.3 Wrapper for package hooks (HO)
Package: xcolor-patch 2016/05/16 xcolor patch
Package: atveryend 2016/05/16 v1.9 Hooks at the very end of document (HO)
Package: atbegshi 2016/06/09 v1.18 At begin shipout hook (HO)
Package: refcount 2016/05/16 v3.5 Data extraction from label references (HO)
Package: hycolor 2016/05/16 v1.8 Color options for hyperref/bookmark (HO)
)
(c:/Users/Stacy DeRuiter/AppData/Roaming/TinyTeX/texmf-dist/tex/latex/oberdiek/
auxhook.sty
Package: auxhook 2016/05/16 v1.4 Hooks for auxiliary files (HO)
)
(c:/Users/Stacy DeRuiter/AppData/Roaming/TinyTeX/texmf-dist/tex/latex/oberdiek/
kvoptions.sty
Package: kvoptions 2016/05/16 v3.12 Key value format for package options (HO)
)
\@linkdim=\dimen147
\Hy@linkcounter=\count273
\Hy@pagecounter=\count274

(c:/Users/Stacy DeRuiter/AppData/Roaming/TinyTeX/texmf-dist/tex/latex/hyperref/
pd1enc.def
File: pd1enc.def 2019/06/12 v6.88h Hyperref: PDFDocEncoding definition (HO)
)
\Hy@SavedSpaceFactor=\count275

(c:/Users/Stacy DeRuiter/AppData/Roaming/TinyTeX/texmf-dist/tex/latex/latexconf
ig/hyperref.cfg
File: hyperref.cfg 2002/06/06 v1.2 hyperref configuration of TeXLive
)
Package hyperref Info: Hyper figures OFF on input line 4550.
Package hyperref Info: Link nesting OFF on input line 4555.
Package hyperref Info: Hyper index ON on input line 4558.
Package hyperref Info: Plain pages OFF on input line 4565.
Package hyperref Info: Backreferencing OFF on input line 4570.
Package hyperref Info: Implicit mode ON; LaTeX internals redefined.
Package hyperref Info: Bookmarks ON on input line 4803.
\c@Hy@tempcnt=\count276

(c:/Users/Stacy DeRuiter/AppData/Roaming/TinyTeX/texmf-dist/tex/latex/url/url.s
ty
\Urlmuskip=\muskip17
Package: url 2013/09/16  ver 3.4  Verb mode for urls, etc.
)
LaTeX Info: Redefining \url on input line 5156.
\XeTeXLinkMargin=\dimen148
\Fld@menulength=\count277
\Field@Width=\dimen149
\Fld@charsize=\dimen150
Package hyperref Info: Hyper figures OFF on input line 6411.
Package hyperref Info: Link nesting OFF on input line 6416.
Package hyperref Info: Hyper index ON on input line 6419.
Package hyperref Info: backreferencing OFF on input line 6426.
Package hyperref Info: Link coloring OFF on input line 6431.
Package hyperref Info: Link coloring with OCG OFF on input line 6436.
Package hyperref Info: PDF/A mode OFF on input line 6441.
LaTeX Info: Redefining \ref on input line 6481.
LaTeX Info: Redefining \pageref on input line 6485.
\Hy@abspage=\count278
\c@Item=\count279
\c@Hfootnote=\count280
)
Package hyperref Info: Driver (autodetected): hxetex.

(c:/Users/Stacy DeRuiter/AppData/Roaming/TinyTeX/texmf-dist/tex/latex/hyperref/
hxetex.def
File: hxetex.def 2019/06/12 v6.88h Hyperref driver for XeTeX

(c:/Users/Stacy DeRuiter/AppData/Roaming/TinyTeX/texmf-dist/tex/latex/hyperref/
puenc.def
File: puenc.def 2019/06/12 v6.88h Hyperref: PDF Unicode definition (HO)
)
(c:/Users/Stacy DeRuiter/AppData/Roaming/TinyTeX/texmf-dist/tex/generic/oberdie
k/stringenc.sty
Package: stringenc 2016/05/16 v1.11 Convert strings between diff. encodings (HO
)
)
\pdfm@box=\box48
\c@Hy@AnnotLevel=\count281
\HyField@AnnotCount=\count282
\Fld@listcount=\count283
\c@bookmark@seq@number=\count284

(c:/Users/Stacy DeRuiter/AppData/Roaming/TinyTeX/texmf-dist/tex/latex/oberdiek/
rerunfilecheck.sty
Package: rerunfilecheck 2016/05/16 v1.8 Rerun checks for auxiliary files (HO)
Package uniquecounter Info: New unique counter `rerunfilecheck' on input line 2
82.
)
\Hy@SectionHShift=\skip52
)
Package hyperref Info: Option `unicode' set `true' on input line 29.

(c:/Users/Stacy DeRuiter/AppData/Roaming/TinyTeX/texmf-dist/tex/generic/oberdie
k/se-ascii-print.def
File: se-ascii-print.def 2016/05/16 v1.11 stringenc: Printable ASCII characters

)
Package hyperref Info: Option `breaklinks' set `true' on input line 29.

(c:/Users/Stacy DeRuiter/AppData/Roaming/TinyTeX/texmf-dist/tex/latex/natbib/na
tbib.sty
Package: natbib 2010/09/13 8.31b (PWD, AO)
\bibhang=\skip53
\bibsep=\skip54
LaTeX Info: Redefining \cite on input line 694.
\c@NAT@ctr=\count285
)
(c:/Users/Stacy DeRuiter/AppData/Roaming/TinyTeX/texmf-dist/tex/latex/graphics/
color.sty
Package: color 2016/07/10 v1.1e Standard LaTeX Color (DPC)

(c:/Users/Stacy DeRuiter/AppData/Roaming/TinyTeX/texmf-dist/tex/latex/graphics-
cfg/color.cfg
File: color.cfg 2016/01/02 v1.6 sample color configuration
)
Package color Info: Driver file: xetex.def on input line 147.

(c:/Users/Stacy DeRuiter/AppData/Roaming/TinyTeX/texmf-dist/tex/latex/graphics-
def/xetex.def
File: xetex.def 2017/06/24 v5.0h Graphics/color driver for xetex
))
(c:/Users/Stacy DeRuiter/AppData/Roaming/TinyTeX/texmf-dist/tex/latex/fancyvrb/
fancyvrb.sty
Package: fancyvrb 2019/01/15
Style option: `fancyvrb' v3.2a <2019/01/15> (tvz)
\FV@CodeLineNo=\count286
\FV@InFile=\read2
\FV@TabBox=\box49
\c@FancyVerbLine=\count287
\FV@StepNumber=\count288
\FV@OutFile=\write3
)
(c:/Users/Stacy DeRuiter/AppData/Roaming/TinyTeX/texmf-dist/tex/latex/framed/fr
amed.sty
Package: framed 2011/10/22 v 0.96: framed or shaded text with page breaks
\OuterFrameSep=\skip55
\fb@frw=\dimen151
\fb@frh=\dimen152
\FrameRule=\dimen153
\FrameSep=\dimen154
)
(c:/Users/Stacy DeRuiter/AppData/Roaming/TinyTeX/texmf-dist/tex/latex/tools/lon
gtable.sty
Package: longtable 2014/10/28 v4.11 Multi-page Table package (DPC)+ FMi change
\LTleft=\skip56
\LTright=\skip57
\LTpre=\skip58
\LTpost=\skip59
\LTchunksize=\count289
\LTcapwidth=\dimen155
\LT@head=\box50
\LT@firsthead=\box51
\LT@foot=\box52
\LT@lastfoot=\box53
\LT@cols=\count290
\LT@rows=\count291
\c@LT@tables=\count292
\c@LT@chunks=\count293
\LT@p@ftn=\toks22
)
(c:/Users/Stacy DeRuiter/AppData/Roaming/TinyTeX/texmf-dist/tex/latex/booktabs/
booktabs.sty
Package: booktabs 2016/04/27 v1.618033 publication quality tables
\heavyrulewidth=\dimen156
\lightrulewidth=\dimen157
\cmidrulewidth=\dimen158
\belowrulesep=\dimen159
\belowbottomsep=\dimen160
\aboverulesep=\dimen161
\abovetopsep=\dimen162
\cmidrulesep=\dimen163
\cmidrulekern=\dimen164
\defaultaddspace=\dimen165
\@cmidla=\count294
\@cmidlb=\count295
\@aboverulesep=\dimen166
\@belowrulesep=\dimen167
\@thisruleclass=\count296
\@lastruleclass=\count297
\@thisrulewidth=\dimen168
)
(c:/Users/Stacy DeRuiter/AppData/Roaming/TinyTeX/texmf-dist/tex/latex/graphics/
graphicx.sty
Package: graphicx 2017/06/01 v1.1a Enhanced LaTeX Graphics (DPC,SPQR)

(c:/Users/Stacy DeRuiter/AppData/Roaming/TinyTeX/texmf-dist/tex/latex/graphics/
graphics.sty
Package: graphics 2017/06/25 v1.2c Standard LaTeX Graphics (DPC,SPQR)

(c:/Users/Stacy DeRuiter/AppData/Roaming/TinyTeX/texmf-dist/tex/latex/graphics/
trig.sty
Package: trig 2016/01/03 v1.10 sin cos tan (DPC)
)
(c:/Users/Stacy DeRuiter/AppData/Roaming/TinyTeX/texmf-dist/tex/latex/graphics-
cfg/graphics.cfg
File: graphics.cfg 2016/06/04 v1.11 sample graphics configuration
)
Package graphics Info: Driver file: xetex.def on input line 99.
)
\Gin@req@height=\dimen169
\Gin@req@width=\dimen170
)
(c:/Users/Stacy DeRuiter/AppData/Roaming/TinyTeX/texmf-dist/tex/latex/oberdiek/
grffile.sty
Package: grffile 2017/06/30 v1.18 Extended file name support for graphics (HO)
Package grffile Info: Option `multidot' is set to `true'.
Package grffile Info: Option `extendedchars' is set to `false'.
Package grffile Info: Option `space' is set to `true'.
Package grffile Info: \Gin@ii of package `graphicx' fixed on input line 494.
)
(c:/Users/Stacy DeRuiter/AppData/Roaming/TinyTeX/texmf-dist/tex/latex/titling/t
itling.sty
Package: titling 2009/09/04 v2.1d maketitle typesetting
\thanksmarkwidth=\skip60
\thanksmargin=\skip61
\droptitle=\skip62
)
(c:/Users/Stacy DeRuiter/AppData/Roaming/TinyTeX/texmf-dist/tex/latex/amscls/am
sthm.sty
Package: amsthm 2017/10/31 v2.20.4
\thm@style=\toks23
\thm@bodyfont=\toks24
\thm@headfont=\toks25
\thm@notefont=\toks26
\thm@headpunct=\toks27
\thm@preskip=\skip63
\thm@postskip=\skip64
\thm@headsep=\skip65
\dth@everypar=\toks28
) (./bookdown-demo.aux)
\openout1 = `bookdown-demo.aux'.

LaTeX Font Info:    Checking defaults for OML/cmm/m/it on input line 138.
LaTeX Font Info:    ... okay on input line 138.
LaTeX Font Info:    Checking defaults for T1/cmr/m/n on input line 138.
LaTeX Font Info:    ... okay on input line 138.
LaTeX Font Info:    Checking defaults for OT1/cmr/m/n on input line 138.
LaTeX Font Info:    ... okay on input line 138.
LaTeX Font Info:    Checking defaults for OMS/cmsy/m/n on input line 138.
LaTeX Font Info:    ... okay on input line 138.
LaTeX Font Info:    Checking defaults for TU/lmr/m/n on input line 138.
LaTeX Font Info:    ... okay on input line 138.
LaTeX Font Info:    Checking defaults for OMX/cmex/m/n on input line 138.
LaTeX Font Info:    ... okay on input line 138.
LaTeX Font Info:    Checking defaults for U/cmr/m/n on input line 138.
LaTeX Font Info:    ... okay on input line 138.
LaTeX Font Info:    Checking defaults for TS1/cmr/m/n on input line 138.
LaTeX Font Info:    Try loading font information for TS1+cmr on input line 138.


(c:/Users/Stacy DeRuiter/AppData/Roaming/TinyTeX/texmf-dist/tex/latex/base/ts1c
mr.fd
File: ts1cmr.fd 2014/09/29 v2.5h Standard LaTeX font definitions
)
LaTeX Font Info:    ... okay on input line 138.
LaTeX Font Info:    Checking defaults for PD1/pdf/m/n on input line 138.
LaTeX Font Info:    ... okay on input line 138.
LaTeX Font Info:    Checking defaults for PU/pdf/m/n on input line 138.
LaTeX Font Info:    ... okay on input line 138.
\AtBeginShipoutBox=\box54
Package hyperref Info: Link coloring OFF on input line 138.

(c:/Users/Stacy DeRuiter/AppData/Roaming/TinyTeX/texmf-dist/tex/latex/hyperref/
nameref.sty
Package: nameref 2016/05/21 v2.44 Cross-referencing by name of section

(c:/Users/Stacy DeRuiter/AppData/Roaming/TinyTeX/texmf-dist/tex/generic/oberdie
k/gettitlestring.sty
Package: gettitlestring 2016/05/16 v1.5 Cleanup title references (HO)
)
\c@section@level=\count298
)
LaTeX Info: Redefining \ref on input line 138.
LaTeX Info: Redefining \pageref on input line 138.
LaTeX Info: Redefining \nameref on input line 138.
(./bookdown-demo.out) (./bookdown-demo.out)
\@outlinefile=\write4
\openout4 = `bookdown-demo.out'.

[1


] [2

] (./bookdown-demo.toc
LaTeX Font Info:    Try loading font information for OT1+lmr on input line 3.

(c:/Users/Stacy DeRuiter/AppData/Roaming/TinyTeX/texmf-dist/tex/latex/lm/ot1lmr
.fd
File: ot1lmr.fd 2009/10/30 v1.6 Font defs for Latin Modern
)
LaTeX Font Info:    Try loading font information for OML+lmm on input line 3.

(c:/Users/Stacy DeRuiter/AppData/Roaming/TinyTeX/texmf-dist/tex/latex/lm/omllmm
.fd
File: omllmm.fd 2009/10/30 v1.6 Font defs for Latin Modern
)
LaTeX Font Info:    Try loading font information for OMS+lmsy on input line 3.

(c:/Users/Stacy DeRuiter/AppData/Roaming/TinyTeX/texmf-dist/tex/latex/lm/omslms
y.fd
File: omslmsy.fd 2009/10/30 v1.6 Font defs for Latin Modern
)
LaTeX Font Info:    Try loading font information for OMX+lmex on input line 3.

(c:/Users/Stacy DeRuiter/AppData/Roaming/TinyTeX/texmf-dist/tex/latex/lm/omxlme
x.fd
File: omxlmex.fd 2009/10/30 v1.6 Font defs for Latin Modern
)
LaTeX Font Info:    External font `lmex10' loaded for size
(Font)              <10> on input line 3.
LaTeX Font Info:    External font `lmex10' loaded for size
(Font)              <7> on input line 3.
LaTeX Font Info:    External font `lmex10' loaded for size
(Font)              <5> on input line 3.
LaTeX Font Info:    Try loading font information for U+msa on input line 3.

(c:/Users/Stacy DeRuiter/AppData/Roaming/TinyTeX/texmf-dist/tex/latex/amsfonts/
umsa.fd
File: umsa.fd 2013/01/14 v3.01 AMS symbols A
)
LaTeX Font Info:    Try loading font information for U+msb on input line 3.

(c:/Users/Stacy DeRuiter/AppData/Roaming/TinyTeX/texmf-dist/tex/latex/amsfonts/
umsb.fd
File: umsb.fd 2013/01/14 v3.01 AMS symbols B
) [3])
\tf@toc=\write5
\openout5 = `bookdown-demo.toc'.

[4]
Chapter 1.
[5

] [6

]
Chapter 2.

Overfull \hbox (54.0pt too wide) in paragraph at lines 173--173
[]\TU/lmtt/m/n/10 ## $ Name   <fct> Zuani, Zuani, Zorba, Zorba, Zorba, Zomi, Zo
mi, Zamba, Z...[] 
 []


Overfull \hbox (54.0pt too wide) in paragraph at lines 173--173
[]\TU/lmtt/m/n/10 ## $ Group  <fct> Apenheul, Apenheul, Wilhelma, Wilhelma, Wil
helma, Frank...[] 
 []


Overfull \hbox (54.0pt too wide) in paragraph at lines 173--173
[]\TU/lmtt/m/n/10 ## $ Sex    <fct> Female, Female, Male, Male, Male, Female, F
emale, Male,...[] 
 []


Overfull \hbox (54.0pt too wide) in paragraph at lines 173--173
[]\TU/lmtt/m/n/10 ## $ Age    <int> 22, 22, 34, 34, 34, 15, 15, 14, 14, 14, 18,
 18, 18, 18,...[] 
 []


Overfull \hbox (54.0pt too wide) in paragraph at lines 173--173
[]\TU/lmtt/m/n/10 ## $ fWHR   <dbl> 1.475052, 1.321814, 1.581446, 1.479237, 1.3
90086, 1.340...[] 
 []


Overfull \hbox (54.0pt too wide) in paragraph at lines 173--173
[]\TU/lmtt/m/n/10 ## $ AssR   <dbl> 5.36, 5.36, 2.36, 2.36, 2.36, 3.92, 3.92, 4
.74, 4.74, 4...[] 
 []


Overfull \hbox (54.0pt too wide) in paragraph at lines 173--173
[]\TU/lmtt/m/n/10 ## $ normDS <dbl> 1.430, 1.430, 2.341, 2.341, 2.341, 3.087, 3
.087, 3.035,...[] 
 []


Overfull \hbox (54.0pt too wide) in paragraph at lines 173--173
[]\TU/lmtt/m/n/10 ## $ weight <dbl> 24.0, 24.0, NA, NA, NA, NA, NA, 41.6, 41.6,
 41.6, 38.0,...[] 
 []

File: bookdown-demo_files/figure-latex/view-data-1.pdf Graphic file (type pdf)
<use bookdown-demo_files/figure-latex/view-data-1.pdf>
File: bookdown-demo_files/figure-latex/view-data-2.pdf Graphic file (type pdf)
<use bookdown-demo_files/figure-latex/view-data-2.pdf>

Overfull \hbox (163.11646pt too wide) in paragraph at lines 175--176
[][] [] 
 []

[7]
LaTeX Font Info:    Font shape `TU/lmtt/bx/n' in size <10> not available
(Font)              Font shape `TU/lmtt/b/n' tried instead on input line 184.
File: bookdown-demo_files/figure-latex/lm-scatter-with-line-1.pdf Graphic file 
(type pdf)
<use bookdown-demo_files/figure-latex/lm-scatter-with-line-1.pdf>
[8]
LaTeX Font Info:    Font shape `TU/lmtt/bx/n' in size <12> not available
(Font)              Font shape `TU/lmtt/b/n' tried instead on input line 240.

Underfull \vbox (badness 10000) has occurred while \output is active []

[9]
File: bookdown-demo_files/figure-latex/mult-reg-plots-1.pdf Graphic file (type 
pdf)
<use bookdown-demo_files/figure-latex/mult-reg-plots-1.pdf>
File: bookdown-demo_files/figure-latex/mult-reg-plots-2.pdf Graphic file (type 
pdf)
<use bookdown-demo_files/figure-latex/mult-reg-plots-2.pdf>

Overfull \hbox (126.97385pt too wide) in paragraph at lines 262--263
[][] [] 
 []

[10]
File: bookdown-demo_files/figure-latex/unnamed-chunk-2-1.pdf Graphic file (type
 pdf)
<use bookdown-demo_files/figure-latex/unnamed-chunk-2-1.pdf>
File: bookdown-demo_files/figure-latex/unnamed-chunk-4-1.pdf Graphic file (type
 pdf)
<use bookdown-demo_files/figure-latex/unnamed-chunk-4-1.pdf>

Overfull \hbox (43.5pt too wide) in paragraph at lines 329--329
[]\TU/lmtt/m/n/10 ##       (Intercept)              AssR            weight     
      SexMale[] 
 []


Overfull \hbox (43.5pt too wide) in paragraph at lines 329--329
[]\TU/lmtt/m/n/10 ##       1.007734691       0.064361973       0.003458979     
  0.124854271[] 
 []


Overfull \hbox (43.5pt too wide) in paragraph at lines 329--329
[]\TU/lmtt/m/n/10 ##    GroupFrankfurt GroupPlanckendael     GroupTwycross     
GroupWilhelma[] 
 []

[11]
Overfull \hbox (43.5pt too wide) in paragraph at lines 329--329
[]\TU/lmtt/m/n/10 ##       0.037426358      -0.008464572      -0.112907589     
  0.011186724[] 
 []


Overfull \hbox (6.75pt too wide) in paragraph at lines 381--381
[]\TU/lmtt/m/n/10 ## lm(formula = fWHR ~ AssR + weight + Sex + Group, data = bo
nobos)[] 
 []

[12]
Overfull \hbox (108.3165pt too wide) detected at line 391
\OML/lmm/m/it/10 y \OT1/lmr/m/n/10 = \OML/lmm/m/it/10 ^^L[] \OT1/lmr/m/n/10 + \
OML/lmm/m/it/10 ^^L[]x[] \OT1/lmr/m/n/10 + \OML/lmm/m/it/10 ^^L[]x[] \OT1/lmr/m
/n/10 + \OML/lmm/m/it/10 ^^L[]I[] \OT1/lmr/m/n/10 + \OML/lmm/m/it/10 ^^L[]I[] \
OT1/lmr/m/n/10 + \OML/lmm/m/it/10 ^^L[]I[] \OT1/lmr/m/n/10 + \OML/lmm/m/it/10 ^
^L[]I[] \OT1/lmr/m/n/10 + \OML/lmm/m/it/10 ^^L[]I[] \OT1/lmr/m/n/10 + \OML/lmm/
m/it/10 ^^L[]I[] \OT1/lmr/m/n/10 + \OML/lmm/m/it/10 ^^O
 []


Overfull \hbox (69.75pt too wide) in paragraph at lines 440--440
[]\TU/lmtt/m/n/10 ## Error: Column []preds[] must be length 117 (the number of 
rows) or one, not 68[] 
 []

[13]
File: bookdown-demo_files/figure-latex/unnamed-chunk-8-1.pdf Graphic file (type
 pdf)
<use bookdown-demo_files/figure-latex/unnamed-chunk-8-1.pdf>
[14]
File: bookdown-demo_files/figure-latex/unnamed-chunk-9-1.pdf Graphic file (type
 pdf)
<use bookdown-demo_files/figure-latex/unnamed-chunk-9-1.pdf>
File: bookdown-demo_files/figure-latex/unnamed-chunk-10-1.pdf Graphic file (typ
e pdf)
<use bookdown-demo_files/figure-latex/unnamed-chunk-10-1.pdf>

Underfull \vbox (badness 10000) has occurred while \output is active []

[15]
File: bookdown-demo_files/figure-latex/unnamed-chunk-11-1.pdf Graphic file (typ
e pdf)
<use bookdown-demo_files/figure-latex/unnamed-chunk-11-1.pdf>
File: bookdown-demo_files/figure-latex/unnamed-chunk-12-1.pdf Graphic file (typ
e pdf)
<use bookdown-demo_files/figure-latex/unnamed-chunk-12-1.pdf>
[16]
Overfull \hbox (4.57085pt too wide) in paragraph at lines 559--560
 []\TU/lmr/m/n/10 Name| 
 []


Overfull \hbox (4.04747pt too wide) in paragraph at lines 567--568
 []\TU/lmr/m/n/10 fWHR| 
 []


Overfull \hbox (2.04085pt too wide) in paragraph at lines 569--570
 []\TU/lmr/m/n/10 AssR| 
 []


Overfull \hbox (8.40936pt too wide) in paragraph at lines 571--572
 []\TU/lmr/m/n/10 normDS| 
 []


Overfull \hbox (0.72937pt too wide) in paragraph at lines 573--574
 []\TU/lmr/m/n/10 weight| 
 []


Overfull \hbox (1.50127pt too wide) in paragraph at lines 577--578
 []\TU/lmr/m/n/10 pt_size| 
 []


Overfull \hbox (18.30716pt too wide) in alignment at lines 556--580
 [] [] [] [] [] [] [] [] [] [] 
 []


Overfull \hbox (5.6279pt too wide) in paragraph at lines 584--585
 []\TU/lmr/m/n/10 Twycross| 
 []


Overfull \hbox (3.08937pt too wide) in paragraph at lines 586--587
 []\TU/lmr/m/n/10 Female| 
 []


Overfull \hbox (18.30716pt too wide) in alignment at lines 580--603
 [] [] [] [] [] [] [] [] [] [] 
 []

File: bookdown-demo_files/figure-latex/unnamed-chunk-14-1.pdf Graphic file (typ
e pdf)
<use bookdown-demo_files/figure-latex/unnamed-chunk-14-1.pdf>

Underfull \vbox (badness 10000) has occurred while \output is active []

[17]
Overfull \hbox (54.0pt too wide) in paragraph at lines 642--642
[]\TU/lmtt/m/n/10 ## $ AssR   <dbl> 1.80, 1.85, 1.90, 1.95, 2.00, 2.05, 2.10, 2
.15, 2.20, 2...[] 
 []


Overfull \hbox (54.0pt too wide) in paragraph at lines 642--642
[]\TU/lmtt/m/n/10 ## $ weight <dbl> 40, 40, 40, 40, 40, 40, 40, 40, 40, 40, 40,
 40, 40, 40,...[] 
 []


Overfull \hbox (54.0pt too wide) in paragraph at lines 642--642
[]\TU/lmtt/m/n/10 ## $ Sex    <fct> Female, Female, Female, Female, Female, Fem
ale, Female,...[] 
 []


Overfull \hbox (54.0pt too wide) in paragraph at lines 642--642
[]\TU/lmtt/m/n/10 ## $ Group  <fct> Twycross, Twycross, Twycross, Twycross, Twy
cross, Twycr...[] 
 []


Overfull \hbox (54.0pt too wide) in paragraph at lines 665--665
[]\TU/lmtt/m/n/10 ## $ AssR   <dbl> 1.80, 1.85, 1.90, 1.95, 2.00, 2.05, 2.10, 2
.15, 2.20, 2...[] 
 []


Overfull \hbox (54.0pt too wide) in paragraph at lines 665--665
[]\TU/lmtt/m/n/10 ## $ weight <dbl> 40, 40, 40, 40, 40, 40, 40, 40, 40, 40, 40,
 40, 40, 40,...[] 
 []


Overfull \hbox (54.0pt too wide) in paragraph at lines 665--665
[]\TU/lmtt/m/n/10 ## $ Sex    <fct> Female, Female, Female, Female, Female, Fem
ale, Female,...[] 
 []


Overfull \hbox (54.0pt too wide) in paragraph at lines 665--665
[]\TU/lmtt/m/n/10 ## $ Group  <fct> Twycross, Twycross, Twycross, Twycross, Twy
cross, Twycr...[] 
 []


Overfull \hbox (54.0pt too wide) in paragraph at lines 665--665
[]\TU/lmtt/m/n/10 ## $ fitted <dbl> 1.149038, 1.152256, 1.155474, 1.158692, 1.1
61910, 1.165...[] 
 []


Overfull \hbox (54.0pt too wide) in paragraph at lines 665--665
[]\TU/lmtt/m/n/10 ## $ se.fit <dbl> 0.08347207, 0.08267088, 0.08187552, 0.08108
616, 0.08030...[] 
 []

[18]
Overfull \hbox (54.0pt too wide) in paragraph at lines 689--689
[]\TU/lmtt/m/n/10 ## $ AssR     <dbl> 1.80, 1.85, 1.90, 1.95, 2.00, 2.05, 2.10,
 2.15, 2.20,...[] 
 []


Overfull \hbox (54.0pt too wide) in paragraph at lines 689--689
[]\TU/lmtt/m/n/10 ## $ weight   <dbl> 40, 40, 40, 40, 40, 40, 40, 40, 40, 40, 4
0, 40, 40, 4...[] 
 []


Overfull \hbox (54.0pt too wide) in paragraph at lines 689--689
[]\TU/lmtt/m/n/10 ## $ Sex      <fct> Female, Female, Female, Female, Female, F
emale, Femal...[] 
 []


Overfull \hbox (54.0pt too wide) in paragraph at lines 689--689
[]\TU/lmtt/m/n/10 ## $ Group    <fct> Twycross, Twycross, Twycross, Twycross, T
wycross, Twy...[] 
 []


Overfull \hbox (54.0pt too wide) in paragraph at lines 689--689
[]\TU/lmtt/m/n/10 ## $ fitted   <dbl> 1.149038, 1.152256, 1.155474, 1.158692, 1
.161910, 1.1...[] 
 []


Overfull \hbox (54.0pt too wide) in paragraph at lines 689--689
[]\TU/lmtt/m/n/10 ## $ se.fit   <dbl> 0.08347207, 0.08267088, 0.08187552, 0.081
08616, 0.080...[] 
 []


Overfull \hbox (54.0pt too wide) in paragraph at lines 689--689
[]\TU/lmtt/m/n/10 ## $ CI_lower <dbl> 0.9854326, 0.9902210, 0.9949980, 0.999763
2, 1.0045164...[] 
 []


Overfull \hbox (54.0pt too wide) in paragraph at lines 689--689
[]\TU/lmtt/m/n/10 ## $ CI_upper <dbl> 1.312643, 1.314291, 1.315950, 1.317621, 1
.319304, 1.3...[] 
 []

File: bookdown-demo_files/figure-latex/unnamed-chunk-18-1.pdf Graphic file (typ
e pdf)
<use bookdown-demo_files/figure-latex/unnamed-chunk-18-1.pdf>
[19]
File: bookdown-demo_files/figure-latex/unnamed-chunk-20-1.pdf Graphic file (typ
e pdf)
<use bookdown-demo_files/figure-latex/unnamed-chunk-20-1.pdf>
[20]
Chapter 3.
[21

]
Overfull \hbox (59.25pt too wide) in paragraph at lines 807--807
[]\TU/lmtt/m/n/10 ##     Veg_Rich + Veg_Stems + Veg_liana + LandUse + Distance 
+ NumHouseholds,[] 
 []

[22] [23]
Overfull \hbox (8.57253pt too wide) in paragraph at lines 887--888
 []\TU/lmr/m/n/10 NumHouseholds| 
 []


Overfull \hbox (5.2021pt too wide) in paragraph at lines 889--890
 []\TU/lmr/m/n/10 Veg_Canopy| 
 []


Overfull \hbox (1.34537pt too wide) in alignment at lines 875--892
 [] [] [] [] [] [] 
 []


Overfull \hbox (8.57253pt too wide) in paragraph at lines 903--904
 []\TU/lmr/m/n/10 NumHouseholds| 
 []


Overfull \hbox (5.2021pt too wide) in paragraph at lines 905--906
 []\TU/lmr/m/n/10 Veg_Canopy| 
 []


Overfull \hbox (1.34537pt too wide) in alignment at lines 892--908
 [] [] [] [] [] [] 
 []


Overfull \hbox (1.34537pt too wide) in alignment at lines 908--1001
 [] [] [] [] [] [] 
 []


Overfull \hbox (7.87979pt too wide) in paragraph at lines 1009--1010
 []\TU/lmr/m/n/10 Veg_DBH| 
 []


Overfull \hbox (3.33168pt too wide) in paragraph at lines 1011--1012
 []\TU/lmr/m/n/10 Veg_liana| 
 []


Overfull \hbox (5.51979pt too wide) in paragraph at lines 1013--1014
 []\TU/lmr/m/n/10 Veg_Rich| 
 []


Overfull \hbox (8.37169pt too wide) in paragraph at lines 1015--1016
 []\TU/lmr/m/n/10 Veg_Stems| 
 []


Overfull \hbox (10.52254pt too wide) in paragraph at lines 1017--1018
 []\TU/lmr/m/n/10 Veg_Understory| 
 []


Overfull \hbox (7.87979pt too wide) in paragraph at lines 1027--1028
 []\TU/lmr/m/n/10 Veg_DBH| 
 []


Overfull \hbox (3.33168pt too wide) in paragraph at lines 1029--1030
 []\TU/lmr/m/n/10 Veg_liana| 
 []


Overfull \hbox (5.51979pt too wide) in paragraph at lines 1031--1032
 []\TU/lmr/m/n/10 Veg_Rich| 
 []


Overfull \hbox (8.37169pt too wide) in paragraph at lines 1033--1034
 []\TU/lmr/m/n/10 Veg_Stems| 
 []


Overfull \hbox (10.52254pt too wide) in paragraph at lines 1035--1036
 []\TU/lmr/m/n/10 Veg_Understory| 
 []


Underfull \vbox (badness 10000) has occurred while \output is active []

[24] [25] [26

]
Chapter 4.
File: bookdown-demo_files/figure-latex/unnamed-chunk-23-1.pdf Graphic file (typ
e pdf)
<use bookdown-demo_files/figure-latex/unnamed-chunk-23-1.pdf>
[27] [28] [29] [30]
Chapter 5.
[31

] [32]
File: bookdown-demo_files/figure-latex/unnamed-chunk-26-1.pdf Graphic file (typ
e pdf)
<use bookdown-demo_files/figure-latex/unnamed-chunk-26-1.pdf>
[33]
File: bookdown-demo_files/figure-latex/unnamed-chunk-27-1.pdf Graphic file (typ
e pdf)
<use bookdown-demo_files/figure-latex/unnamed-chunk-27-1.pdf>
[34] [35]
Overfull \hbox (6.75pt too wide) in paragraph at lines 1597--1597
[]\TU/lmtt/m/n/10 ## Warning: Removed 796 rows containing missing values (geom_
path).[] 
 []


Overfull \hbox (6.75pt too wide) in paragraph at lines 1601--1601
[]\TU/lmtt/m/n/10 ## Warning: Removed 436 rows containing missing values (geom_
path).[] 
 []

File: bookdown-demo_files/figure-latex/unnamed-chunk-28-1.pdf Graphic file (typ
e pdf)
<use bookdown-demo_files/figure-latex/unnamed-chunk-28-1.pdf>
[36]
File: bookdown-demo_files/figure-latex/unnamed-chunk-29-1.pdf Graphic file (typ
e pdf)
<use bookdown-demo_files/figure-latex/unnamed-chunk-29-1.pdf>
[37]

Package amsmath Warning: Foreign command \atopwithdelims;
(amsmath)                \frac or \genfrac should be used instead
(amsmath)                 on input line 1668.

[38]
File: bookdown-demo_files/figure-latex/unnamed-chunk-30-1.pdf Graphic file (typ
e pdf)
<use bookdown-demo_files/figure-latex/unnamed-chunk-30-1.pdf>
[39] [40]
Overfull \hbox (17.25pt too wide) in paragraph at lines 1769--1769
[]\TU/lmtt/m/n/10 ## Warning: Removed 15 rows containing missing values (geom_s
egment).[] 
 []


Overfull \hbox (6.75pt too wide) in paragraph at lines 1773--1773
[]\TU/lmtt/m/n/10 ## Warning: Removed 15 rows containing missing values (geom_p
oint).[] 
 []


Overfull \hbox (22.5pt too wide) in paragraph at lines 1777--1777
[]\TU/lmtt/m/n/10 ## Warning: Removed 177 rows containing missing values (geom_
segment).[] 
 []


Overfull \hbox (12.0pt too wide) in paragraph at lines 1781--1781
[]\TU/lmtt/m/n/10 ## Warning: Removed 177 rows containing missing values (geom_
point).[] 
 []

File: bookdown-demo_files/figure-latex/unnamed-chunk-31-1.pdf Graphic file (typ
e pdf)
<use bookdown-demo_files/figure-latex/unnamed-chunk-31-1.pdf>
[41]
Overfull \hbox (12.0pt too wide) in paragraph at lines 1801--1801
[]\TU/lmtt/m/n/10 ## Warning: Removed 1 rows containing missing values (geom_se
gment).[] 
 []


Overfull \hbox (1.5pt too wide) in paragraph at lines 1805--1805
[]\TU/lmtt/m/n/10 ## Warning: Removed 1 rows containing missing values (geom_po
int).[] 
 []


Overfull \hbox (17.25pt too wide) in paragraph at lines 1809--1809
[]\TU/lmtt/m/n/10 ## Warning: Removed 39 rows containing missing values (geom_s
egment).[] 
 []


Overfull \hbox (6.75pt too wide) in paragraph at lines 1813--1813
[]\TU/lmtt/m/n/10 ## Warning: Removed 39 rows containing missing values (geom_p
oint).[] 
 []

File: bookdown-demo_files/figure-latex/unnamed-chunk-32-1.pdf Graphic file (typ
e pdf)
<use bookdown-demo_files/figure-latex/unnamed-chunk-32-1.pdf>
[42] [43] [44]
File: bookdown-demo_files/figure-latex/unnamed-chunk-33-1.pdf Graphic file (typ
e pdf)
<use bookdown-demo_files/figure-latex/unnamed-chunk-33-1.pdf>
[45]
No file bookdown-demo.bbl.
Package atveryend Info: Empty hook `BeforeClearDocument' on input line 1925.
[46]
Package atveryend Info: Empty hook `AfterLastShipout' on input line 1925.
(./bookdown-demo.aux)
Package atveryend Info: Empty hook `AtVeryEndDocument' on input line 1925.
Package atveryend Info: Executing hook `AtEndAfterFileList' on input line 1925.

Package rerunfilecheck Info: File `bookdown-demo.out' has not changed.
(rerunfilecheck)             Checksum: CE66CCEC6F85E7FE31C113BBA90AD414.
 ) 
Here is how much of TeX's memory you used:
 23441 strings out of 494894
 446489 string characters out of 6175034
 545111 words of memory out of 5000000
 27149 multiletter control sequences out of 15000+600000
 545097 words of font info for 59 fonts, out of 8000000 for 9000
 14 hyphenation exceptions out of 8191
 45i,6n,47p,1007b,448s stack positions out of 5000i,500n,10000p,200000b,80000s

Output written on bookdown-demo.pdf (46 pages).
